<?xml version="1.0" encoding="UTF-8"?>
<!-- Generated by org.testng.reporters.JUnitReportReporter -->
<testsuite hostname="Sachin-pc" failures="0" tests="5" name="Test.HomePageTest" time="3.632" errors="0" timestamp="2024-12-09T19:19:46 IST" skipped="0">
  <testcase classname="Test.HomePageTest" name="UrlTest" time="0.220"/>
  <testcase classname="Test.HomePageTest" name="logoTest" time="2.553"/>
  <testcase classname="Test.HomePageTest" name="PageHeaderTest" time="0.123"/>
  <testcase classname="Test.HomePageTest" name="chaintest" time="0.681"/>
  <testcase classname="Test.HomePageTest" name="loginoptionbutton" time="0.055"/>
</testsuite> <!-- Test.HomePageTest -->
